# JRE version: OpenJDK Runtime Environment (8.0_131-b11) (build 1.8.0_131-8u131-b11-2ubuntu1.16.04.3-b11)
# Java VM: OpenJDK 64-Bit Server VM (25.131-b11 mixed mode linux-amd64 compressed oops)
Heap:
 garbage-first heap   total 262144K, used 111545K [0x00000000c0000000, 0x00000000c0100800, 0x0000000100000000)
  region size 1024K, 17 young (17408K), 8 survivors (8192K)
 Metaspace       used 131367K, capacity 144540K, committed 144792K, reserved 1175552K
  class space    used 14755K, capacity 18316K, committed 18328K, reserved 1048576K
GC Heap History (10 events):
Event: 11040.955 GC heap before
{Heap before GC invocations=287 (full 0):
 garbage-first heap   total 262144K, used 224834K [0x00000000c0000000, 0x00000000c0100800, 0x0000000100000000)
  region size 1024K, 129 young (132096K), 9 survivors (9216K)
 Metaspace       used 130340K, capacity 143286K, committed 143640K, reserved 1175552K
  class space    used 14628K, capacity 18167K, committed 18200K, reserved 1048576K
Event: 11040.971 GC heap after
Heap after GC invocations=288 (full 0):
 garbage-first heap   total 262144K, used 103490K [0x00000000c0000000, 0x00000000c0100800, 0x0000000100000000)
  region size 1024K, 11 young (11264K), 11 survivors (11264K)
 Metaspace       used 130340K, capacity 143286K, committed 143640K, reserved 1175552K
  class space    used 14628K, capacity 18167K, committed 18200K, reserved 1048576K
}
Event: 11086.135 GC heap before
{Heap before GC invocations=288 (full 0):
 garbage-first heap   total 262144K, used 222274K [0x00000000c0000000, 0x00000000c0100800, 0x0000000100000000)
  region size 1024K, 127 young (130048K), 11 survivors (11264K)
 Metaspace       used 130374K, capacity 143350K, committed 143640K, reserved 1175552K
  class space    used 14628K, capacity 18167K, committed 18200K, reserved 1048576K
Event: 11086.156 GC heap after
Heap after GC invocations=289 (full 0):
 garbage-first heap   total 262144K, used 103215K [0x00000000c0000000, 0x00000000c0100800, 0x0000000100000000)
  region size 1024K, 9 young (9216K), 9 survivors (9216K)
 Metaspace       used 130374K, capacity 143350K, committed 143640K, reserved 1175552K
  class space    used 14628K, capacity 18167K, committed 18200K, reserved 1048576K
}
Event: 11109.799 GC heap before
{Heap before GC invocations=289 (full 0):
 garbage-first heap   total 262144K, used 225071K [0x00000000c0000000, 0x00000000c0100800, 0x0000000100000000)
  region size 1024K, 128 young (131072K), 9 survivors (9216K)
 Metaspace       used 130407K, capacity 143450K, committed 143640K, reserved 1175552K
  class space    used 14632K, capacity 18173K, committed 18200K, reserved 1048576K
Event: 11109.832 GC heap after
Heap after GC invocations=290 (full 0):
 garbage-first heap   total 262144K, used 104239K [0x00000000c0000000, 0x00000000c0100800, 0x0000000100000000)
  region size 1024K, 10 young (10240K), 10 survivors (10240K)
 Metaspace       used 130407K, capacity 143450K, committed 143640K, reserved 1175552K
  class space    used 14632K, capacity 18173K, committed 18200K, reserved 1048576K
}
Event: 11321.866 GC heap before
{Heap before GC invocations=290 (full 0):
 garbage-first heap   total 262144K, used 224047K [0x00000000c0000000, 0x00000000c0100800, 0x0000000100000000)
  region size 1024K, 127 young (130048K), 10 survivors (10240K)
 Metaspace       used 130457K, capacity 143514K, committed 143640K, reserved 1175552K
  class space    used 14632K, capacity 18173K, committed 18200K, reserved 1048576K
Event: 11321.904 GC heap after
Heap after GC invocations=291 (full 0):
 garbage-first heap   total 262144K, used 103727K [0x00000000c0000000, 0x00000000c0100800, 0x0000000100000000)
  region size 1024K, 10 young (10240K), 10 survivors (10240K)
 Metaspace       used 130457K, capacity 143514K, committed 143640K, reserved 1175552K
  class space    used 14632K, capacity 18173K, committed 18200K, reserved 1048576K
}
Event: 11333.748 GC heap before
{Heap before GC invocations=291 (full 0):
 garbage-first heap   total 262144K, used 223535K [0x00000000c0000000, 0x00000000c0100800, 0x0000000100000000)
  region size 1024K, 127 young (130048K), 10 survivors (10240K)
 Metaspace       used 131258K, capacity 144412K, committed 144536K, reserved 1175552K
  class space    used 14745K, capacity 18316K, committed 18328K, reserved 1048576K
Event: 11333.801 GC heap after
Heap after GC invocations=292 (full 0):
 garbage-first heap   total 262144K, used 103353K [0x00000000c0000000, 0x00000000c0100800, 0x0000000100000000)
  region size 1024K, 8 young (8192K), 8 survivors (8192K)
 Metaspace       used 131258K, capacity 144412K, committed 144536K, reserved 1175552K
  class space    used 14745K, capacity 18316K, committed 18328K, reserved 1048576K
}

